<html>
<head>
<title>TestNG:  ChromeTest</title>
<link href="../testng.css" rel="stylesheet" type="text/css" />
<link href="../my-testng.css" rel="stylesheet" type="text/css" />

<style type="text/css">
.log { display: none;} 
.stack-trace { display: none;} 
</style>
<script type="text/javascript">
<!--
function flip(e) {
  current = e.style.display;
  if (current == 'block') {
    e.style.display = 'none';
    return 0;
  }
  else {
    e.style.display = 'block';
    return 1;
  }
}

function toggleBox(szDivId, elem, msg1, msg2)
{
  var res = -1;  if (document.getElementById) {
    res = flip(document.getElementById(szDivId));
  }
  else if (document.all) {
    // this is the way old msie versions work
    res = flip(document.all[szDivId]);
  }
  if(elem) {
    if(res == 0) elem.innerHTML = msg1; else elem.innerHTML = msg2;
  }

}

function toggleAllBoxes() {
  if (document.getElementsByTagName) {
    d = document.getElementsByTagName('div');
    for (i = 0; i < d.length; i++) {
      if (d[i].className == 'log') {
        flip(d[i]);
      }
    }
  }
}

// -->
</script>

</head>
<body>
<h2 align='center'>ChromeTest</h2><table border='1' align="center">
<tr>
<td>Tests passed/Failed/Skipped:</td><td>8/0/2</td>
</tr><tr>
<td>Started on:</td><td>Tue Aug 19 16:10:37 PDT 2014</td>
</tr>
<tr><td>Total time:</td><td>632 seconds (632592 ms)</td>
</tr><tr>
<td>Included groups:</td><td></td>
</tr><tr>
<td>Excluded groups:</td><td></td>
</tr>
</table><p/>
<small><i>(Hover the method name to see the test class name)</i></small><p/>
<table width='100%' border='1' class='invocation-failed'>
<tr><td colspan='4' align='center'><b>FAILED CONFIGURATIONS</b></td></tr>
<tr><td><b>Test method</b></td>
<td width="30%"><b>Exception</b></td>
<td width="10%"><b>Time (seconds)</b></td>
<td><b>Instance</b></td>
</tr>
<tr>
<td title='com.quiksilver.test.GuestCheckoutExpressAmexTest.getToStep1GuestCheckout()'><b>getToStep1GuestCheckout</b><br>Test class: com.quiksilver.test.GuestCheckoutExpressAmexTest<br/>
<a href="#Output-1287168681" onClick='toggleBox("Output-1287168681", this, "Show output", "Hide output");'>Show output</a>

<a href="#Output-1287168681" onClick="toggleAllBoxes();">Show all outputs</a>
<div class='log' id="Output-1287168681">
On Home page title is DC Shoes | Skate & Snowboard Quality Clothing<br/>
None of the sizes are available for this product<br/>
</div>
</td>
<td><div><pre>org.openqa.selenium.TimeoutException: Timed out after 15 seconds waiting for presence of element located by: By.xpath: //a[contains(@href,&apos;en_US/Cart-Show&apos;)]
Build info: version: &apos;2.42.2&apos;, revision: &apos;6a6995d31c7c56c340d6f45a76976d43506cd6cc&apos;, time: &apos;2014-06-03 10:52:47&apos;
System info: host: &apos;PUNRAZ.local&apos;, ip: &apos;10.37.129.2&apos;, os.name: &apos;Mac OS X&apos;, os.arch: &apos;x86_64&apos;, os.version: &apos;10.7.5&apos;, java.version: &apos;1.7.0_07&apos;
Driver info: driver.version: unknown
	at org.openqa.selenium.support.ui.FluentWait.timeoutException(FluentWait.java:259)
	at org.openqa.selenium.support.ui.FluentWait.until(FluentWait.java:228)
	at com.quiksilver.util.CommonMethods.fromMiniCartToCart(CommonMethods.java:1592)
	at com.quiksilver.test.GuestCheckoutExpressAmexTest.getToStep1GuestCheckout(GuestCheckoutExpressAmexTest.java:64)
	at org.apache.maven.surefire.testng.TestNGExecutor.run(TestNGExecutor.java:217)
	at org.apache.maven.surefire.testng.TestNGXmlTestSuite.execute(TestNGXmlTestSuite.java:84)
	at org.apache.maven.surefire.testng.TestNGProvider.invoke(TestNGProvider.java:92)
	at org.apache.maven.surefire.booter.ForkedBooter.invokeProviderInSameClassLoader(ForkedBooter.java:200)
	at org.apache.maven.surefire.booter.ForkedBooter.runSuitesInProcess(ForkedBooter.java:153)
	at org.apache.maven.surefire.booter.ForkedBooter.main(ForkedBooter.java:103)
Caused by: org.openqa.selenium.NoSuchElementException: no such element
  (Session info: chrome=36.0.1985.143)
  (Driver info: chromedriver=2.9.248307,platform=Mac OS X 10.7.5 x86_64) (WARNING: The server did not provide any stacktrace information)
Command duration or timeout: 7 milliseconds
For documentation on this error, please visit: http://seleniumhq.org/exceptions/no_such_element.html
Build info: version: &apos;2.42.2&apos;, revision: &apos;6a6995d31c7c56c340d6f45a76976d43506cd6cc&apos;, time: &apos;2014-06-03 10:52:47&apos;
System info: host: &apos;PUNRAZ.local&apos;, ip: &apos;10.37.129.2&apos;, os.name: &apos;Mac OS X&apos;, os.arch: &apos;x86_64&apos;, os.version: &apos;10.7.5&apos;, java.version: &apos;1.7.0_07&apos;
Session ID: e69051fde33ebaffaade324e43600a3b
Driver info: org.openqa.selenium.chrome.ChromeDriver
Capabilities [{platform=MAC, acceptSslCerts=true, javascriptEnabled=true, browserName=chrome, chrome={userDataDir=/var/folders/vv/30lw1_z968g34f959mr38g3m0000gp/T/.org.chromium.Chromium.d9kKGQ}, rotatable=false, locationContextEnabled=true, version=36.0.1985.143, takesHeapSnapshot=true, cssSelectorsEnabled=true, databaseEnabled=false, handlesAlerts=true, browserConnectionEnabled=false, nativeEvents=true, webStorageEnabled=true, applicationCacheEnabled=false, takesScreenshot=true}]
	at org.openqa.selenium.remote.ErrorHandler.createThrowable(ErrorHandler.java:193)
	at org.openqa.selenium.remote.ErrorHandler.throwIfResponseFailed(ErrorHandler.java:145)
	at org.openqa.selenium.remote.RemoteWebDriver.execute(RemoteWebDriver.java:554)
	at org.openqa.selenium.remote.RemoteWebDriver.findElement(RemoteWebDriver.java:307)
	at org.openqa.selenium.remote.RemoteWebDriver.findElementByXPath(RemoteWebDriver.java:404)
	at org.openqa.selenium.By$ByXPath.findElement(By.java:357)
	at org.openqa.selenium.remote.RemoteWebDriver.findElement(RemoteWebDriver.java:299)
	at org.openqa.selenium.support.ui.ExpectedConditions.findElement(ExpectedConditions.java:730)
	at org.openqa.selenium.support.ui.ExpectedConditions.access$000(ExpectedConditions.java:39)
	at org.openqa.selenium.support.ui.ExpectedConditions$3.apply(ExpectedConditions.java:106)
	at org.openqa.selenium.support.ui.ExpectedConditions$3.apply(ExpectedConditions.java:103)
	at org.openqa.selenium.support.ui.FluentWait.until(FluentWait.java:208)
	... 32 more
... Removed 27 stack frames</pre></div><a href='#' onClick='toggleBox("stack-trace1287168681", this, "Click to show all stack frames", "Click to hide stack frames")'>Click to show all stack frames</a>
<div class='stack-trace' id='stack-trace1287168681'><pre>org.openqa.selenium.TimeoutException: Timed out after 15 seconds waiting for presence of element located by: By.xpath: //a[contains(@href,'en_US/Cart-Show')]
Build info: version: '2.42.2', revision: '6a6995d31c7c56c340d6f45a76976d43506cd6cc', time: '2014-06-03 10:52:47'
System info: host: 'PUNRAZ.local', ip: '10.37.129.2', os.name: 'Mac OS X', os.arch: 'x86_64', os.version: '10.7.5', java.version: '1.7.0_07'
Driver info: driver.version: unknown
	at org.openqa.selenium.support.ui.FluentWait.timeoutException(FluentWait.java:259)
	at org.openqa.selenium.support.ui.FluentWait.until(FluentWait.java:228)
	at com.quiksilver.util.CommonMethods.fromMiniCartToCart(CommonMethods.java:1592)
	at com.quiksilver.test.GuestCheckoutExpressAmexTest.getToStep1GuestCheckout(GuestCheckoutExpressAmexTest.java:64)
	at sun.reflect.NativeMethodAccessorImpl.invoke0(Native Method)
	at sun.reflect.NativeMethodAccessorImpl.invoke(NativeMethodAccessorImpl.java:57)
	at sun.reflect.DelegatingMethodAccessorImpl.invoke(DelegatingMethodAccessorImpl.java:43)
	at java.lang.reflect.Method.invoke(Method.java:601)
	at org.testng.internal.MethodInvocationHelper.invokeMethod(MethodInvocationHelper.java:80)
	at org.testng.internal.Invoker.invokeConfigurationMethod(Invoker.java:525)
	at org.testng.internal.Invoker.invokeConfigurations(Invoker.java:202)
	at org.testng.internal.Invoker.invokeMethod(Invoker.java:613)
	at org.testng.internal.Invoker.invokeTestMethod(Invoker.java:842)
	at org.testng.internal.Invoker.invokeTestMethods(Invoker.java:1166)
	at org.testng.internal.TestMethodWorker.invokeTestMethods(TestMethodWorker.java:125)
	at org.testng.internal.TestMethodWorker.run(TestMethodWorker.java:109)
	at org.testng.TestRunner.runWorkers(TestRunner.java:1178)
	at org.testng.TestRunner.privateRun(TestRunner.java:757)
	at org.testng.TestRunner.run(TestRunner.java:608)
	at org.testng.SuiteRunner.runTest(SuiteRunner.java:334)
	at org.testng.SuiteRunner.runSequentially(SuiteRunner.java:329)
	at org.testng.SuiteRunner.privateRun(SuiteRunner.java:291)
	at org.testng.SuiteRunner.run(SuiteRunner.java:240)
	at org.testng.SuiteRunnerWorker.runSuite(SuiteRunnerWorker.java:52)
	at org.testng.SuiteRunnerWorker.run(SuiteRunnerWorker.java:86)
	at org.testng.TestNG.runSuitesSequentially(TestNG.java:1158)
	at org.testng.TestNG.runSuitesLocally(TestNG.java:1083)
	at org.testng.TestNG.run(TestNG.java:999)
	at org.apache.maven.surefire.testng.TestNGExecutor.run(TestNGExecutor.java:217)
	at org.apache.maven.surefire.testng.TestNGXmlTestSuite.execute(TestNGXmlTestSuite.java:84)
	at org.apache.maven.surefire.testng.TestNGProvider.invoke(TestNGProvider.java:92)
	at org.apache.maven.surefire.booter.ForkedBooter.invokeProviderInSameClassLoader(ForkedBooter.java:200)
	at org.apache.maven.surefire.booter.ForkedBooter.runSuitesInProcess(ForkedBooter.java:153)
	at org.apache.maven.surefire.booter.ForkedBooter.main(ForkedBooter.java:103)
Caused by: org.openqa.selenium.NoSuchElementException: no such element
  (Session info: chrome=36.0.1985.143)
  (Driver info: chromedriver=2.9.248307,platform=Mac OS X 10.7.5 x86_64) (WARNING: The server did not provide any stacktrace information)
Command duration or timeout: 7 milliseconds
For documentation on this error, please visit: http://seleniumhq.org/exceptions/no_such_element.html
Build info: version: '2.42.2', revision: '6a6995d31c7c56c340d6f45a76976d43506cd6cc', time: '2014-06-03 10:52:47'
System info: host: 'PUNRAZ.local', ip: '10.37.129.2', os.name: 'Mac OS X', os.arch: 'x86_64', os.version: '10.7.5', java.version: '1.7.0_07'
Session ID: e69051fde33ebaffaade324e43600a3b
Driver info: org.openqa.selenium.chrome.ChromeDriver
Capabilities [{platform=MAC, acceptSslCerts=true, javascriptEnabled=true, browserName=chrome, chrome={userDataDir=/var/folders/vv/30lw1_z968g34f959mr38g3m0000gp/T/.org.chromium.Chromium.d9kKGQ}, rotatable=false, locationContextEnabled=true, version=36.0.1985.143, takesHeapSnapshot=true, cssSelectorsEnabled=true, databaseEnabled=false, handlesAlerts=true, browserConnectionEnabled=false, nativeEvents=true, webStorageEnabled=true, applicationCacheEnabled=false, takesScreenshot=true}]
	at sun.reflect.GeneratedConstructorAccessor15.newInstance(Unknown Source)
	at sun.reflect.DelegatingConstructorAccessorImpl.newInstance(DelegatingConstructorAccessorImpl.java:45)
	at java.lang.reflect.Constructor.newInstance(Constructor.java:525)
	at org.openqa.selenium.remote.ErrorHandler.createThrowable(ErrorHandler.java:193)
	at org.openqa.selenium.remote.ErrorHandler.throwIfResponseFailed(ErrorHandler.java:145)
	at org.openqa.selenium.remote.RemoteWebDriver.execute(RemoteWebDriver.java:554)
	at org.openqa.selenium.remote.RemoteWebDriver.findElement(RemoteWebDriver.java:307)
	at org.openqa.selenium.remote.RemoteWebDriver.findElementByXPath(RemoteWebDriver.java:404)
	at org.openqa.selenium.By$ByXPath.findElement(By.java:357)
	at org.openqa.selenium.remote.RemoteWebDriver.findElement(RemoteWebDriver.java:299)
	at org.openqa.selenium.support.ui.ExpectedConditions.findElement(ExpectedConditions.java:730)
	at org.openqa.selenium.support.ui.ExpectedConditions.access$000(ExpectedConditions.java:39)
	at org.openqa.selenium.support.ui.ExpectedConditions$3.apply(ExpectedConditions.java:106)
	at org.openqa.selenium.support.ui.ExpectedConditions$3.apply(ExpectedConditions.java:103)
	at org.openqa.selenium.support.ui.FluentWait.until(FluentWait.java:208)
	... 32 more
</pre></div></td>
<td>0</td>
<td>com.quiksilver.test.GuestCheckoutExpressAmexTest@354fed2</td></tr>
<tr>
<td title='com.quiksilver.test.SearchForItemGuestCheckoutTest.searchForItemGetToCheckout()'><b>searchForItemGetToCheckout</b><br>Test class: com.quiksilver.test.SearchForItemGuestCheckoutTest<br/>
<a href="#Output-535565445" onClick='toggleBox("Output-535565445", this, "Show output", "Hide output");'>Show output</a>

<a href="#Output-535565445" onClick="toggleAllBoxes();">Show all outputs</a>
<div class='log' id="Output-535565445">
On Home page title is DC Shoes | Skate & Snowboard Quality Clothing<br/>
On subcategory page title is 'Sites-DC-US-Site - DC Shoes'<br/>
On PDP page title is dcshoes WIZARDS CREW ADYKT00110 - DC Shoes<br/>
None of the sizes are available for this product<br/>
</div>
</td>
<td><div><pre>org.openqa.selenium.TimeoutException: Timed out after 15 seconds waiting for presence of element located by: By.xpath: //a[contains(@href,&apos;en_US/Cart-Show&apos;)]
Build info: version: &apos;2.42.2&apos;, revision: &apos;6a6995d31c7c56c340d6f45a76976d43506cd6cc&apos;, time: &apos;2014-06-03 10:52:47&apos;
System info: host: &apos;PUNRAZ.local&apos;, ip: &apos;10.37.129.2&apos;, os.name: &apos;Mac OS X&apos;, os.arch: &apos;x86_64&apos;, os.version: &apos;10.7.5&apos;, java.version: &apos;1.7.0_07&apos;
Driver info: driver.version: unknown
	at org.openqa.selenium.support.ui.FluentWait.timeoutException(FluentWait.java:259)
	at org.openqa.selenium.support.ui.FluentWait.until(FluentWait.java:228)
	at com.quiksilver.util.CommonMethods.fromMiniCartToCart(CommonMethods.java:1592)
	at com.quiksilver.test.SearchForItemGuestCheckoutTest.searchForItemGetToCheckout(SearchForItemGuestCheckoutTest.java:57)
	at org.apache.maven.surefire.testng.TestNGExecutor.run(TestNGExecutor.java:217)
	at org.apache.maven.surefire.testng.TestNGXmlTestSuite.execute(TestNGXmlTestSuite.java:84)
	at org.apache.maven.surefire.testng.TestNGProvider.invoke(TestNGProvider.java:92)
	at org.apache.maven.surefire.booter.ForkedBooter.invokeProviderInSameClassLoader(ForkedBooter.java:200)
	at org.apache.maven.surefire.booter.ForkedBooter.runSuitesInProcess(ForkedBooter.java:153)
	at org.apache.maven.surefire.booter.ForkedBooter.main(ForkedBooter.java:103)
Caused by: org.openqa.selenium.NoSuchElementException: no such element
  (Session info: chrome=36.0.1985.143)
  (Driver info: chromedriver=2.9.248307,platform=Mac OS X 10.7.5 x86_64) (WARNING: The server did not provide any stacktrace information)
Command duration or timeout: 6 milliseconds
For documentation on this error, please visit: http://seleniumhq.org/exceptions/no_such_element.html
Build info: version: &apos;2.42.2&apos;, revision: &apos;6a6995d31c7c56c340d6f45a76976d43506cd6cc&apos;, time: &apos;2014-06-03 10:52:47&apos;
System info: host: &apos;PUNRAZ.local&apos;, ip: &apos;10.37.129.2&apos;, os.name: &apos;Mac OS X&apos;, os.arch: &apos;x86_64&apos;, os.version: &apos;10.7.5&apos;, java.version: &apos;1.7.0_07&apos;
Session ID: 85bc766da38954f608d6b84097afde0e
Driver info: org.openqa.selenium.chrome.ChromeDriver
Capabilities [{platform=MAC, acceptSslCerts=true, javascriptEnabled=true, browserName=chrome, chrome={userDataDir=/var/folders/vv/30lw1_z968g34f959mr38g3m0000gp/T/.org.chromium.Chromium.PGe44J}, rotatable=false, locationContextEnabled=true, version=36.0.1985.143, takesHeapSnapshot=true, cssSelectorsEnabled=true, databaseEnabled=false, handlesAlerts=true, browserConnectionEnabled=false, nativeEvents=true, webStorageEnabled=true, applicationCacheEnabled=false, takesScreenshot=true}]
	at org.openqa.selenium.remote.ErrorHandler.createThrowable(ErrorHandler.java:193)
	at org.openqa.selenium.remote.ErrorHandler.throwIfResponseFailed(ErrorHandler.java:145)
	at org.openqa.selenium.remote.RemoteWebDriver.execute(RemoteWebDriver.java:554)
	at org.openqa.selenium.remote.RemoteWebDriver.findElement(RemoteWebDriver.java:307)
	at org.openqa.selenium.remote.RemoteWebDriver.findElementByXPath(RemoteWebDriver.java:404)
	at org.openqa.selenium.By$ByXPath.findElement(By.java:357)
	at org.openqa.selenium.remote.RemoteWebDriver.findElement(RemoteWebDriver.java:299)
	at org.openqa.selenium.support.ui.ExpectedConditions.findElement(ExpectedConditions.java:730)
	at org.openqa.selenium.support.ui.ExpectedConditions.access$000(ExpectedConditions.java:39)
	at org.openqa.selenium.support.ui.ExpectedConditions$3.apply(ExpectedConditions.java:106)
	at org.openqa.selenium.support.ui.ExpectedConditions$3.apply(ExpectedConditions.java:103)
	at org.openqa.selenium.support.ui.FluentWait.until(FluentWait.java:208)
	... 32 more
... Removed 27 stack frames</pre></div><a href='#' onClick='toggleBox("stack-trace535565445", this, "Click to show all stack frames", "Click to hide stack frames")'>Click to show all stack frames</a>
<div class='stack-trace' id='stack-trace535565445'><pre>org.openqa.selenium.TimeoutException: Timed out after 15 seconds waiting for presence of element located by: By.xpath: //a[contains(@href,'en_US/Cart-Show')]
Build info: version: '2.42.2', revision: '6a6995d31c7c56c340d6f45a76976d43506cd6cc', time: '2014-06-03 10:52:47'
System info: host: 'PUNRAZ.local', ip: '10.37.129.2', os.name: 'Mac OS X', os.arch: 'x86_64', os.version: '10.7.5', java.version: '1.7.0_07'
Driver info: driver.version: unknown
	at org.openqa.selenium.support.ui.FluentWait.timeoutException(FluentWait.java:259)
	at org.openqa.selenium.support.ui.FluentWait.until(FluentWait.java:228)
	at com.quiksilver.util.CommonMethods.fromMiniCartToCart(CommonMethods.java:1592)
	at com.quiksilver.test.SearchForItemGuestCheckoutTest.searchForItemGetToCheckout(SearchForItemGuestCheckoutTest.java:57)
	at sun.reflect.NativeMethodAccessorImpl.invoke0(Native Method)
	at sun.reflect.NativeMethodAccessorImpl.invoke(NativeMethodAccessorImpl.java:57)
	at sun.reflect.DelegatingMethodAccessorImpl.invoke(DelegatingMethodAccessorImpl.java:43)
	at java.lang.reflect.Method.invoke(Method.java:601)
	at org.testng.internal.MethodInvocationHelper.invokeMethod(MethodInvocationHelper.java:80)
	at org.testng.internal.Invoker.invokeConfigurationMethod(Invoker.java:525)
	at org.testng.internal.Invoker.invokeConfigurations(Invoker.java:202)
	at org.testng.internal.Invoker.invokeMethod(Invoker.java:613)
	at org.testng.internal.Invoker.invokeTestMethod(Invoker.java:842)
	at org.testng.internal.Invoker.invokeTestMethods(Invoker.java:1166)
	at org.testng.internal.TestMethodWorker.invokeTestMethods(TestMethodWorker.java:125)
	at org.testng.internal.TestMethodWorker.run(TestMethodWorker.java:109)
	at org.testng.TestRunner.runWorkers(TestRunner.java:1178)
	at org.testng.TestRunner.privateRun(TestRunner.java:757)
	at org.testng.TestRunner.run(TestRunner.java:608)
	at org.testng.SuiteRunner.runTest(SuiteRunner.java:334)
	at org.testng.SuiteRunner.runSequentially(SuiteRunner.java:329)
	at org.testng.SuiteRunner.privateRun(SuiteRunner.java:291)
	at org.testng.SuiteRunner.run(SuiteRunner.java:240)
	at org.testng.SuiteRunnerWorker.runSuite(SuiteRunnerWorker.java:52)
	at org.testng.SuiteRunnerWorker.run(SuiteRunnerWorker.java:86)
	at org.testng.TestNG.runSuitesSequentially(TestNG.java:1158)
	at org.testng.TestNG.runSuitesLocally(TestNG.java:1083)
	at org.testng.TestNG.run(TestNG.java:999)
	at org.apache.maven.surefire.testng.TestNGExecutor.run(TestNGExecutor.java:217)
	at org.apache.maven.surefire.testng.TestNGXmlTestSuite.execute(TestNGXmlTestSuite.java:84)
	at org.apache.maven.surefire.testng.TestNGProvider.invoke(TestNGProvider.java:92)
	at org.apache.maven.surefire.booter.ForkedBooter.invokeProviderInSameClassLoader(ForkedBooter.java:200)
	at org.apache.maven.surefire.booter.ForkedBooter.runSuitesInProcess(ForkedBooter.java:153)
	at org.apache.maven.surefire.booter.ForkedBooter.main(ForkedBooter.java:103)
Caused by: org.openqa.selenium.NoSuchElementException: no such element
  (Session info: chrome=36.0.1985.143)
  (Driver info: chromedriver=2.9.248307,platform=Mac OS X 10.7.5 x86_64) (WARNING: The server did not provide any stacktrace information)
Command duration or timeout: 6 milliseconds
For documentation on this error, please visit: http://seleniumhq.org/exceptions/no_such_element.html
Build info: version: '2.42.2', revision: '6a6995d31c7c56c340d6f45a76976d43506cd6cc', time: '2014-06-03 10:52:47'
System info: host: 'PUNRAZ.local', ip: '10.37.129.2', os.name: 'Mac OS X', os.arch: 'x86_64', os.version: '10.7.5', java.version: '1.7.0_07'
Session ID: 85bc766da38954f608d6b84097afde0e
Driver info: org.openqa.selenium.chrome.ChromeDriver
Capabilities [{platform=MAC, acceptSslCerts=true, javascriptEnabled=true, browserName=chrome, chrome={userDataDir=/var/folders/vv/30lw1_z968g34f959mr38g3m0000gp/T/.org.chromium.Chromium.PGe44J}, rotatable=false, locationContextEnabled=true, version=36.0.1985.143, takesHeapSnapshot=true, cssSelectorsEnabled=true, databaseEnabled=false, handlesAlerts=true, browserConnectionEnabled=false, nativeEvents=true, webStorageEnabled=true, applicationCacheEnabled=false, takesScreenshot=true}]
	at sun.reflect.GeneratedConstructorAccessor15.newInstance(Unknown Source)
	at sun.reflect.DelegatingConstructorAccessorImpl.newInstance(DelegatingConstructorAccessorImpl.java:45)
	at java.lang.reflect.Constructor.newInstance(Constructor.java:525)
	at org.openqa.selenium.remote.ErrorHandler.createThrowable(ErrorHandler.java:193)
	at org.openqa.selenium.remote.ErrorHandler.throwIfResponseFailed(ErrorHandler.java:145)
	at org.openqa.selenium.remote.RemoteWebDriver.execute(RemoteWebDriver.java:554)
	at org.openqa.selenium.remote.RemoteWebDriver.findElement(RemoteWebDriver.java:307)
	at org.openqa.selenium.remote.RemoteWebDriver.findElementByXPath(RemoteWebDriver.java:404)
	at org.openqa.selenium.By$ByXPath.findElement(By.java:357)
	at org.openqa.selenium.remote.RemoteWebDriver.findElement(RemoteWebDriver.java:299)
	at org.openqa.selenium.support.ui.ExpectedConditions.findElement(ExpectedConditions.java:730)
	at org.openqa.selenium.support.ui.ExpectedConditions.access$000(ExpectedConditions.java:39)
	at org.openqa.selenium.support.ui.ExpectedConditions$3.apply(ExpectedConditions.java:106)
	at org.openqa.selenium.support.ui.ExpectedConditions$3.apply(ExpectedConditions.java:103)
	at org.openqa.selenium.support.ui.FluentWait.until(FluentWait.java:208)
	... 32 more
</pre></div></td>
<td>0</td>
<td>com.quiksilver.test.SearchForItemGuestCheckoutTest@47e4e06c</td></tr>
</table><p>
<table width='100%' border='1' class='invocation-passed'>
<tr><td colspan='4' align='center'><b>PASSED TESTS</b></td></tr>
<tr><td><b>Test method</b></td>
<td width="30%"><b>Exception</b></td>
<td width="10%"><b>Time (seconds)</b></td>
<td><b>Instance</b></td>
</tr>
<tr>
<td title='com.quiksilver.test.LoginTest.checkoutSignInRegistered()'><b>checkoutSignInRegistered</b><br>Test class: com.quiksilver.test.LoginTest<br>Parameters: software_test22@hotmail.com, fluid, Welcome,Veronica<br/>
<a href="#Output-631735905" onClick='toggleBox("Output-631735905", this, "Show output", "Hide output");'>Show output</a>

<a href="#Output-631735905" onClick="toggleAllBoxes();">Show all outputs</a>
<div class='log' id="Output-631735905">
On Home page title is DC Shoes | Skate & Snowboard Quality Clothing<br/>
After click on 'Login' link in the header page title is Login to your Personal Account - DC Shoes<br/>
Logging in using email:software_test22@hotmail.com and password: fluid<br/>
Welcome message is : Welcome, Fluid<br/>
SauceOnDemandSessionID=15002e21cfe310e4a983342557a71d93 job-name=dc Automation Test<br/>
</div>
</td>
<td></td>
<td>13</td>
<td>com.quiksilver.test.LoginTest@58e39f23</td></tr>
<tr>
<td title='com.quiksilver.test.LoginTest.checkoutSignInRegistered()'><b>checkoutSignInRegistered</b><br>Test class: com.quiksilver.test.LoginTest<br>Parameters: software_test22@yahoo.com, fluid2, Welcome,Veronica<br/>
<a href="#Output-1139309429" onClick='toggleBox("Output-1139309429", this, "Show output", "Hide output");'>Show output</a>

<a href="#Output-1139309429" onClick="toggleAllBoxes();">Show all outputs</a>
<div class='log' id="Output-1139309429">
On Home page title is DC Shoes | Skate & Snowboard Quality Clothing<br/>
After click on 'Login' link in the header page title is Login to your Personal Account - DC Shoes<br/>
Logging in using email:software_test22@yahoo.com and password: fluid2<br/>
Welcome message is : Welcome, Fluid<br/>
SauceOnDemandSessionID=15002e21cfe310e4a983342557a71d93 job-name=dc Automation Test<br/>
</div>
</td>
<td></td>
<td>11</td>
<td>com.quiksilver.test.LoginTest@58e39f23</td></tr>
<tr>
<td title='com.quiksilver.test.GuestCheckoutMultiPaymentWithDataProvider.fillOutStep1InscriptionForm()'><b>fillOutStep1InscriptionForm</b><br>Test class: com.quiksilver.test.GuestCheckoutMultiPaymentWithDataProvider<br>Parameters: {STATEUS=California, ADDRESS1US=222 Sutter Street, ADDITIONAL INFO=please leave it with my neighbour, LOYALTY=, ADDRESS2US=Floor 8, CITYUS=San Francisco, PHONE=9255431122, ZIPUS=94108.0, EMAIL=test@yahoo.com, LNAME=DataRowfirst, CARD TYPE=Visa, ZIP=L75 1WX, ADDRESS2=, ADDRESS1=31 De Brouckereplein, FNAME=Veronica}<br/>
<a href="#Output-273363343" onClick='toggleBox("Output-273363343", this, "Show output", "Hide output");'>Show output</a>

<a href="#Output-273363343" onClick="toggleAllBoxes();">Show all outputs</a>
<div class='log' id="Output-273363343">
After click on 'continue' button on Inscription page got to Enter Paymentmode - DC Shoes<br/>
Current page title is Enter Paymentmode - DC Shoes<br/>
On 'Confirmation' page order number is Order Number: 0003900181355<br/>
This page title is :Thank You For Your Order - DC Shoes<br/>
Current page title: Thank You For Your Order - DC Shoes<br/>
On 'Confirmation' page order number is Order Number: 0003900181355<br/>
SauceOnDemandSessionID=38478067170f94cf2a193800dcd99754 job-name=dc Automation Test<br/>
</div>
</td>
<td></td>
<td>26</td>
<td>com.quiksilver.test.GuestCheckoutMultiPaymentWithDataProvider@41258eb3</td></tr>
<tr>
<td title='com.quiksilver.test.GuestCheckoutMultiPaymentWithDataProvider.fillOutStep1InscriptionForm()'><b>fillOutStep1InscriptionForm</b><br>Test class: com.quiksilver.test.GuestCheckoutMultiPaymentWithDataProvider<br>Parameters: {STATEUS=California, ADDRESS1US=123 Crespi Driver, ADDITIONAL INFO=here is my note, LOYALTY=, ADDRESS2US=apt 1, CITYUS=San Francisco, PHONE=9255431122, ZIPUS=94132.0, EMAIL=test@gmail.com, LNAME=DataRowsecond, CARD TYPE=Visa, ZIP=W1D 3DH, ADDRESS2=, ADDRESS1=123 Richmond Mews, FNAME=Fluid}<br/>
<a href="#Output-855302028" onClick='toggleBox("Output-855302028", this, "Show output", "Hide output");'>Show output</a>

<a href="#Output-855302028" onClick="toggleAllBoxes();">Show all outputs</a>
<div class='log' id="Output-855302028">
After click on 'continue' button on Inscription page got to Enter Paymentmode - DC Shoes<br/>
Current page title is Enter Paymentmode - DC Shoes<br/>
On 'Confirmation' page order number is Order Number: 0003900181356<br/>
This page title is :Thank You For Your Order - DC Shoes<br/>
Current page title: Thank You For Your Order - DC Shoes<br/>
On 'Confirmation' page order number is Order Number: 0003900181356<br/>
SauceOnDemandSessionID=38478067170f94cf2a193800dcd99754 job-name=dc Automation Test<br/>
</div>
</td>
<td></td>
<td>23</td>
<td>com.quiksilver.test.GuestCheckoutMultiPaymentWithDataProvider@41258eb3</td></tr>
<tr>
<td title='com.quiksilver.test.AddToCartFromPdpTest.fromHomeToPDP()'><b>fromHomeToPDP</b><br>Test class: com.quiksilver.test.AddToCartFromPdpTest<br/>
<a href="#Output-143450259" onClick='toggleBox("Output-143450259", this, "Show output", "Hide output");'>Show output</a>

<a href="#Output-143450259" onClick="toggleAllBoxes();">Show all outputs</a>
<div class='log' id="Output-143450259">
On Home page title is DC Shoes | Skate & Snowboard Quality Clothing<br/>
On Subcat page title is Mens T-Shirts: Short and Long Sleeve Tees - DC Shoes<br/>
On subcategory page title is 'Mens T-Shirts: Short and Long Sleeve Tees - DC Shoes'<br/>
On PDP page title is dcshoes SCRATCH STAR ADYZT03051 - DC Shoes<br/>
</div>
</td>
<td></td>
<td>44</td>
<td>com.quiksilver.test.AddToCartFromPdpTest@510e52a9</td></tr>
<tr>
<td title='com.quiksilver.test.AccountRegistrationTest.registrationForm()'><b>registrationForm</b><br>Test class: com.quiksilver.test.AccountRegistrationTest<br/>
<a href="#Output-1793927578" onClick='toggleBox("Output-1793927578", this, "Show output", "Hide output");'>Show output</a>

<a href="#Output-1793927578" onClick="toggleAllBoxes();">Show all outputs</a>
<div class='log' id="Output-1793927578">
On Home page title is DC Shoes | Skate & Snowboard Quality Clothing<br/>
After click on 'Register' link in the header page title is Login to your Personal Account - DC Shoes<br/>
SauceOnDemandSessionID=348d801326b0bf261de71e7ccb30cec0 job-name=dc Automation Test<br/>
</div>
</td>
<td></td>
<td>28</td>
<td>com.quiksilver.test.AccountRegistrationTest@43775b59</td></tr>
<tr>
<td title='com.quiksilver.test.GuestVisaCheckoutTest.testGuestCheckoutVisa()'><b>testGuestCheckoutVisa</b><br>Test class: com.quiksilver.test.GuestVisaCheckoutTest<br/>
<a href="#Output-790389879" onClick='toggleBox("Output-790389879", this, "Show output", "Hide output");'>Show output</a>

<a href="#Output-790389879" onClick="toggleAllBoxes();">Show all outputs</a>
<div class='log' id="Output-790389879">
After click on 'Guest Checkout' button on Cart page  title is Enter Payment And Delivery Address - DC Shoes<br/>
On checkout 'Step1' page title is Enter Payment And Delivery Address - DC Shoes<br/>
After click on 'continue' button on Inscription page got to Enter Paymentmode - DC Shoes<br/>
Current page title is Enter Paymentmode - DC Shoes<br/>
On 'Confirmation' page order number is Order Number: 0003900181357<br/>
This page title is :Thank You For Your Order - DC Shoes<br/>
Current page title: Thank You For Your Order - DC Shoes<br/>
On 'Confirmation' page order number is Order Number: 0003900181357<br/>
SauceOnDemandSessionID=ff43b20dca4511d610874d19c13fd4e9 job-name=dc Automation Test<br/>
</div>
</td>
<td></td>
<td>19</td>
<td>com.quiksilver.test.GuestVisaCheckoutTest@8bbab2f</td></tr>
<tr>
<td title='com.quiksilver.test.SignedInAddToCartContinueShoppingCheckoutTest.testSignedInAddToCartContinueShopping()'><b>testSignedInAddToCartContinueShopping</b><br>Test class: com.quiksilver.test.SignedInAddToCartContinueShoppingCheckoutTest<br/>
<a href="#Output-700396731" onClick='toggleBox("Output-700396731", this, "Show output", "Hide output");'>Show output</a>

<a href="#Output-700396731" onClick="toggleAllBoxes();">Show all outputs</a>
<div class='log' id="Output-700396731">
SauceOnDemandSessionID=f100d309c44d435c0e212b3afd2cbf19 job-name=dc Automation Test<br/>
</div>
</td>
<td></td>
<td>2</td>
<td>com.quiksilver.test.SignedInAddToCartContinueShoppingCheckoutTest@349f754</td></tr>
</table><p>
<table width='100%' border='1' class='invocation-skipped'>
<tr><td colspan='4' align='center'><b>SKIPPED TESTS</b></td></tr>
<tr><td><b>Test method</b></td>
<td width="30%"><b>Exception</b></td>
<td width="10%"><b>Time (seconds)</b></td>
<td><b>Instance</b></td>
</tr>
<tr>
<td title='com.quiksilver.test.SearchForItemGuestCheckoutTest.searchForItemGuestCheckout()'><b>searchForItemGuestCheckout</b><br>Test class: com.quiksilver.test.SearchForItemGuestCheckoutTest</td>
<td></td>
<td>0</td>
<td>com.quiksilver.test.SearchForItemGuestCheckoutTest@47e4e06c</td></tr>
<tr>
<td title='com.quiksilver.test.GuestCheckoutExpressAmexTest.testGuestCheckoutAmex()'><b>testGuestCheckoutAmex</b><br>Test class: com.quiksilver.test.GuestCheckoutExpressAmexTest</td>
<td></td>
<td>0</td>
<td>com.quiksilver.test.GuestCheckoutExpressAmexTest@354fed2</td></tr>
</table><p>
</body>
</html>