<!DOCTYPE html PUBLIC "-//W3C//DTD XHTML 1.1//EN" "http://www.w3.org/TR/xhtml11/DTD/xhtml11.dtd">
<html xmlns="http://www.w3.org/1999/xhtml"><head><title>TestNG Report</title><style type="text/css">table {margin-bottom:10px;border-collapse:collapse;empty-cells:show}th,td {border:1px solid #009;padding:.25em .5em}th {vertical-align:bottom}td {vertical-align:top}table a {font-weight:bold}.stripe td {background-color: #E6EBF9}.num {text-align:right}.passedodd td {background-color: #3F3}.passedeven td {background-color: #0A0}.skippedodd td {background-color: #DDD}.skippedeven td {background-color: #CCC}.failedodd td,.attn {background-color: #F33}.failedeven td,.stripe .attn {background-color: #D00}.stacktrace {white-space:pre;font-family:monospace}.totop {font-size:85%;text-align:center;border-bottom:2px solid #000}</style></head><body><table><tr><th>Test</th><th># Passed</th><th># Skipped</th><th># Failed</th><th>Time (ms)</th><th>Included Groups</th><th>Excluded Groups</th></tr><tr><th colspan="7">Multibrowser_DC_Quiksilver</th></tr><tr><td><a href="#t0">FirefoxTest</a></td><td class="num">0</td><td class="num">0</td><td class="num">0</td><td class="num">5</td><td></td><td></td></tr><tr class="stripe"><td><a href="#t1">ChromeTest</a></td><td class="num">0</td><td class="num">0</td><td class="num">0</td><td class="num">1</td><td></td><td></td></tr><tr><td><a href="#t2">DCShoesDEVELOPMENTUSFirefoxTest</a></td><td class="num">0</td><td class="num">0</td><td class="num">0</td><td class="num">0</td><td></td><td></td></tr><tr class="stripe"><td><a href="#t3">DCShoesDEVELOPMENT_FRANCEChromeTest</a></td><td class="num">0</td><td class="num attn">1</td><td class="num">0</td><td class="num">66,707</td><td></td><td></td></tr><tr><td><a href="#t4">SafariTest</a></td><td class="num">0</td><td class="num">0</td><td class="num">0</td><td class="num">0</td><td></td><td></td></tr><tr><th>Total</th><th class="num">0</th><th class="num attn">1</th><th class="num">0</th><th class="num">66,713</th><th colspan="2"></th></tr></table><table><thead><tr><th>Class</th><th>Method</th><th>Start</th><th>Time (ms)</th></tr></thead><tbody><tr><th colspan="4">Multibrowser_DC_Quiksilver</th></tr></tbody><tbody id="t0"></tbody><tbody id="t1"></tbody><tbody id="t2"></tbody><tbody id="t3"><tr><th colspan="4">DCShoesDEVELOPMENT_FRANCEChromeTest &#8212; failed (configuration methods)</th></tr><tr class="failedeven"><td rowspan="1">com.quiksilver.test.GuestVisaCheckoutTest</td><td><a href="#m0">getToStep1</a></td><td rowspan="1">1412119511782</td><td rowspan="1">0</td></tr><tr><th colspan="4">DCShoesDEVELOPMENT_FRANCEChromeTest &#8212; skipped</th></tr><tr class="skippedeven"><td rowspan="1">com.quiksilver.test.GuestVisaCheckoutTest</td><td><a href="#m1">testGuestCheckoutVisa</a></td><td rowspan="1">1412119563260</td><td rowspan="1">0</td></tr></tbody><tbody id="t4"></tbody></table><h2>FirefoxTest</h2><h2>ChromeTest</h2><h2>DCShoesDEVELOPMENTUSFirefoxTest</h2><h2>DCShoesDEVELOPMENT_FRANCEChromeTest</h2><h3 id="m0">com.quiksilver.test.GuestVisaCheckoutTest#getToStep1</h3><table class="result"><tr><th>Messages</th></tr><tr><td><div class="messages">On Home page title is Chaussures de Skate &amp; V?tements de Skate &amp; Snowboard<br/>On Subcat page title is T-shirt DC Shoes : tous nos Tee-Shirts Homme - DC Shoes<br/>On subcategory page title is &apos;T-shirt DC Shoes : tous nos Tee-Shirts Homme - DC Shoes&apos;<br/>On PDP page title is dcshoes ROSE STALLARD PMU SS EDYZT00132 - DC Shoes<br/>None of the sizes are available for this product</div></td></tr><tr><th>Exception</th></tr><tr><td><div class="stacktrace">org.openqa.selenium.TimeoutException: Timed out after 15 seconds waiting for element to be clickable: By.selector: a.link2cart.omni_minicart_view_cart
Build info: version: &apos;2.42.2&apos;, revision: &apos;6a6995d31c7c56c340d6f45a76976d43506cd6cc&apos;, time: &apos;2014-06-03 10:52:47&apos;
System info: host: &apos;PUNRAZ.local&apos;, ip: &apos;192.168.0.2&apos;, os.name: &apos;Mac OS X&apos;, os.arch: &apos;x86_64&apos;, os.version: &apos;10.7.5&apos;, java.version: &apos;1.6.0_65&apos;
Driver info: driver.version: unknown
	at org.openqa.selenium.support.ui.FluentWait.timeoutException(FluentWait.java:259)
	at org.openqa.selenium.support.ui.FluentWait.until(FluentWait.java:228)
	at com.quiksilver.util.CommonMethods.dependableClick(CommonMethods.java:206)
	at com.quiksilver.util.CommonMethods.fromMiniCartToCart(CommonMethods.java:1587)
	at com.quiksilver.test.GuestVisaCheckoutTest.getToStep1(GuestVisaCheckoutTest.java:70)
Caused by: org.openqa.selenium.NoSuchElementException: no such element
  (Session info: chrome=36.0.1985.125)
  (Driver info: chromedriver=2.10.267521,platform=Windows NT 6.1 SP1 x86_64) (WARNING: The server did not provide any stacktrace information)
Command duration or timeout: 39 milliseconds
For documentation on this error, please visit: http://seleniumhq.org/exceptions/no_such_element.html
Build info: version: &apos;2.42.2&apos;, revision: &apos;6a6995d31c7c56c340d6f45a76976d43506cd6cc&apos;, time: &apos;2014-06-03 10:52:47&apos;
System info: host: &apos;PUNRAZ.local&apos;, ip: &apos;192.168.0.2&apos;, os.name: &apos;Mac OS X&apos;, os.arch: &apos;x86_64&apos;, os.version: &apos;10.7.5&apos;, java.version: &apos;1.6.0_65&apos;
Session ID: 9c2350607ba743b491772df28544ffc1
Driver info: org.openqa.selenium.remote.RemoteWebDriver
Capabilities [{platform=XP, acceptSslCerts=true, javascriptEnabled=true, hasMetadata=true, browserName=chrome, chrome={userDataDir=C:\Users\ADMINI~1\AppData\Local\Temp\scoped_dir1500_8808}, rotatable=false, locationContextEnabled=true, webdriver.remote.sessionid=9c2350607ba743b491772df28544ffc1, version=36.0.1985.125, takesHeapSnapshot=true, cssSelectorsEnabled=true, databaseEnabled=false, handlesAlerts=true, browserConnectionEnabled=false, nativeEvents=true, webStorageEnabled=true, applicationCacheEnabled=false, takesScreenshot=true}]
	at org.openqa.selenium.remote.ErrorHandler.createThrowable(ErrorHandler.java:193)
	at org.openqa.selenium.remote.ErrorHandler.throwIfResponseFailed(ErrorHandler.java:145)
	at org.openqa.selenium.remote.RemoteWebDriver.execute(RemoteWebDriver.java:554)
	at org.openqa.selenium.remote.RemoteWebDriver.findElement(RemoteWebDriver.java:307)
	at org.openqa.selenium.remote.RemoteWebDriver.findElementByCssSelector(RemoteWebDriver.java:396)
	at org.openqa.selenium.By$ByCssSelector.findElement(By.java:425)
	at org.openqa.selenium.remote.RemoteWebDriver.findElement(RemoteWebDriver.java:299)
	at org.openqa.selenium.support.ui.ExpectedConditions.findElement(ExpectedConditions.java:730)
	at org.openqa.selenium.support.ui.ExpectedConditions.access$000(ExpectedConditions.java:39)
	at org.openqa.selenium.support.ui.ExpectedConditions$4.apply(ExpectedConditions.java:130)
	at org.openqa.selenium.support.ui.ExpectedConditions$4.apply(ExpectedConditions.java:126)
	at org.openqa.selenium.support.ui.ExpectedConditions$17.apply(ExpectedConditions.java:528)
	at org.openqa.selenium.support.ui.ExpectedConditions$17.apply(ExpectedConditions.java:521)
	at org.openqa.selenium.support.ui.FluentWait.until(FluentWait.java:208)
	... 29 more
... Removed 29 stack frames</div></td></tr></table><p class="totop"><a href="#summary">back to summary</a></p><h3 id="m1">com.quiksilver.test.GuestVisaCheckoutTest#testGuestCheckoutVisa</h3><table class="result"></table><p class="totop"><a href="#summary">back to summary</a></p><h2>SafariTest</h2></body></html>