<?xml version="1.0" encoding="UTF-8"?>
<testng-results skipped="1" failed="0" total="1" passed="0">
  <reporter-output>
    <line>
      <![CDATA[On Home page title is Chaussures de Skate & V?tements de Skate & Snowboard]]>
    </line>
    <line>
      <![CDATA[On Subcat page title is T-shirt DC Shoes : tous nos Tee-Shirts Homme - DC Shoes]]>
    </line>
    <line>
      <![CDATA[On subcategory page title is 'T-shirt DC Shoes : tous nos Tee-Shirts Homme - DC Shoes']]>
    </line>
    <line>
      <![CDATA[On PDP page title is dcshoes ROSE STALLARD PMU SS EDYZT00132 - DC Shoes]]>
    </line>
    <line>
      <![CDATA[None of the sizes are available for this product]]>
    </line>
  </reporter-output>
  <suite name="Multibrowser_DC_Quiksilver" duration-ms="66749" started-at="2014-09-30T23:24:56Z" finished-at="2014-09-30T23:26:03Z">
    <groups>
    </groups>
    <test name="FirefoxTest" duration-ms="5" started-at="2014-09-30T23:24:56Z" finished-at="2014-09-30T23:24:56Z">
    </test> <!-- FirefoxTest -->
    <test name="ChromeTest" duration-ms="1" started-at="2014-09-30T23:24:56Z" finished-at="2014-09-30T23:24:56Z">
    </test> <!-- ChromeTest -->
    <test name="DCShoesDEVELOPMENTUSFirefoxTest" duration-ms="0" started-at="2014-09-30T23:24:56Z" finished-at="2014-09-30T23:24:56Z">
    </test> <!-- DCShoesDEVELOPMENTUSFirefoxTest -->
    <test name="DCShoesDEVELOPMENT_FRANCEChromeTest" duration-ms="66707" started-at="2014-09-30T23:24:56Z" finished-at="2014-09-30T23:26:03Z">
      <class name="com.quiksilver.test.GuestVisaCheckoutTest">
        <test-method status="PASS" signature="beforeTest(java.lang.String)[pri:0, instance:com.quiksilver.test.GuestVisaCheckoutTest@69b1fbf4]" name="beforeTest" is-config="true" duration-ms="9921" started-at="2014-09-30T16:24:56Z" finished-at="2014-09-30T16:25:06Z">
          <params>
            <param index="0">
              <value>
                <![CDATA[chrome]]>
              </value>
            </param>
          </params>
          <reporter-output>
          </reporter-output>
        </test-method> <!-- beforeTest -->
        <test-method status="PASS" signature="getToHome(java.lang.String)[pri:0, instance:com.quiksilver.test.GuestVisaCheckoutTest@69b1fbf4]" name="getToHome" is-config="true" duration-ms="5162" started-at="2014-09-30T16:25:06Z" finished-at="2014-09-30T16:25:11Z">
          <params>
            <param index="0">
              <value>
                <![CDATA[devDCshoesFR]]>
              </value>
            </param>
          </params>
          <reporter-output>
          </reporter-output>
        </test-method> <!-- getToHome -->
        <test-method status="FAIL" signature="getToStep1()[pri:0, instance:com.quiksilver.test.GuestVisaCheckoutTest@69b1fbf4]" name="getToStep1" is-config="true" duration-ms="0" started-at="2014-09-30T16:25:11Z" finished-at="2014-09-30T16:25:11Z">
          <exception class="org.openqa.selenium.TimeoutException">
            <message>
              <![CDATA[Timed out after 15 seconds waiting for element to be clickable: By.selector: a.link2cart.omni_minicart_view_cart
Build info: version: '2.42.2', revision: '6a6995d31c7c56c340d6f45a76976d43506cd6cc', time: '2014-06-03 10:52:47'
System info: host: 'PUNRAZ.local', ip: '192.168.0.2', os.name: 'Mac OS X', os.arch: 'x86_64', os.version: '10.7.5', java.version: '1.6.0_65'
Driver info: driver.version: unknown]]>
            </message>
            <full-stacktrace>
              <![CDATA[org.openqa.selenium.TimeoutException: Timed out after 15 seconds waiting for element to be clickable: By.selector: a.link2cart.omni_minicart_view_cart
Build info: version: '2.42.2', revision: '6a6995d31c7c56c340d6f45a76976d43506cd6cc', time: '2014-06-03 10:52:47'
System info: host: 'PUNRAZ.local', ip: '192.168.0.2', os.name: 'Mac OS X', os.arch: 'x86_64', os.version: '10.7.5', java.version: '1.6.0_65'
Driver info: driver.version: unknown
	at org.openqa.selenium.support.ui.FluentWait.timeoutException(FluentWait.java:259)
	at org.openqa.selenium.support.ui.FluentWait.until(FluentWait.java:228)
	at com.quiksilver.util.CommonMethods.dependableClick(CommonMethods.java:206)
	at com.quiksilver.util.CommonMethods.fromMiniCartToCart(CommonMethods.java:1587)
	at com.quiksilver.test.GuestVisaCheckoutTest.getToStep1(GuestVisaCheckoutTest.java:70)
	at sun.reflect.NativeMethodAccessorImpl.invoke0(Native Method)
	at sun.reflect.NativeMethodAccessorImpl.invoke(NativeMethodAccessorImpl.java:39)
	at sun.reflect.DelegatingMethodAccessorImpl.invoke(DelegatingMethodAccessorImpl.java:25)
	at java.lang.reflect.Method.invoke(Method.java:597)
	at org.testng.internal.MethodInvocationHelper.invokeMethod(MethodInvocationHelper.java:84)
	at org.testng.internal.Invoker.invokeConfigurationMethod(Invoker.java:564)
	at org.testng.internal.Invoker.invokeConfigurations(Invoker.java:213)
	at org.testng.internal.Invoker.invokeMethod(Invoker.java:653)
	at org.testng.internal.Invoker.invokeTestMethod(Invoker.java:901)
	at org.testng.internal.Invoker.invokeTestMethods(Invoker.java:1231)
	at org.testng.internal.TestMethodWorker.invokeTestMethods(TestMethodWorker.java:127)
	at org.testng.internal.TestMethodWorker.run(TestMethodWorker.java:111)
	at org.testng.TestRunner.privateRun(TestRunner.java:767)
	at org.testng.TestRunner.run(TestRunner.java:617)
	at org.testng.SuiteRunner.runTest(SuiteRunner.java:334)
	at org.testng.SuiteRunner.runSequentially(SuiteRunner.java:329)
	at org.testng.SuiteRunner.privateRun(SuiteRunner.java:291)
	at org.testng.SuiteRunner.run(SuiteRunner.java:240)
	at org.testng.SuiteRunnerWorker.runSuite(SuiteRunnerWorker.java:52)
	at org.testng.SuiteRunnerWorker.run(SuiteRunnerWorker.java:86)
	at org.testng.TestNG.runSuitesSequentially(TestNG.java:1224)
	at org.testng.TestNG.runSuitesLocally(TestNG.java:1149)
	at org.testng.TestNG.run(TestNG.java:1057)
	at org.testng.remote.RemoteTestNG.run(RemoteTestNG.java:111)
	at org.testng.remote.RemoteTestNG.initAndRun(RemoteTestNG.java:204)
	at org.testng.remote.RemoteTestNG.main(RemoteTestNG.java:175)
Caused by: org.openqa.selenium.NoSuchElementException: no such element
  (Session info: chrome=36.0.1985.125)
  (Driver info: chromedriver=2.10.267521,platform=Windows NT 6.1 SP1 x86_64) (WARNING: The server did not provide any stacktrace information)
Command duration or timeout: 39 milliseconds
For documentation on this error, please visit: http://seleniumhq.org/exceptions/no_such_element.html
Build info: version: '2.42.2', revision: '6a6995d31c7c56c340d6f45a76976d43506cd6cc', time: '2014-06-03 10:52:47'
System info: host: 'PUNRAZ.local', ip: '192.168.0.2', os.name: 'Mac OS X', os.arch: 'x86_64', os.version: '10.7.5', java.version: '1.6.0_65'
Session ID: 9c2350607ba743b491772df28544ffc1
Driver info: org.openqa.selenium.remote.RemoteWebDriver
Capabilities [{platform=XP, acceptSslCerts=true, javascriptEnabled=true, hasMetadata=true, browserName=chrome, chrome={userDataDir=C:\Users\ADMINI~1\AppData\Local\Temp\scoped_dir1500_8808}, rotatable=false, locationContextEnabled=true, webdriver.remote.sessionid=9c2350607ba743b491772df28544ffc1, version=36.0.1985.125, takesHeapSnapshot=true, cssSelectorsEnabled=true, databaseEnabled=false, handlesAlerts=true, browserConnectionEnabled=false, nativeEvents=true, webStorageEnabled=true, applicationCacheEnabled=false, takesScreenshot=true}]
	at sun.reflect.GeneratedConstructorAccessor16.newInstance(Unknown Source)
	at sun.reflect.DelegatingConstructorAccessorImpl.newInstance(DelegatingConstructorAccessorImpl.java:27)
	at java.lang.reflect.Constructor.newInstance(Constructor.java:513)
	at org.openqa.selenium.remote.ErrorHandler.createThrowable(ErrorHandler.java:193)
	at org.openqa.selenium.remote.ErrorHandler.throwIfResponseFailed(ErrorHandler.java:145)
	at org.openqa.selenium.remote.RemoteWebDriver.execute(RemoteWebDriver.java:554)
	at org.openqa.selenium.remote.RemoteWebDriver.findElement(RemoteWebDriver.java:307)
	at org.openqa.selenium.remote.RemoteWebDriver.findElementByCssSelector(RemoteWebDriver.java:396)
	at org.openqa.selenium.By$ByCssSelector.findElement(By.java:425)
	at org.openqa.selenium.remote.RemoteWebDriver.findElement(RemoteWebDriver.java:299)
	at org.openqa.selenium.support.ui.ExpectedConditions.findElement(ExpectedConditions.java:730)
	at org.openqa.selenium.support.ui.ExpectedConditions.access$000(ExpectedConditions.java:39)
	at org.openqa.selenium.support.ui.ExpectedConditions$4.apply(ExpectedConditions.java:130)
	at org.openqa.selenium.support.ui.ExpectedConditions$4.apply(ExpectedConditions.java:126)
	at org.openqa.selenium.support.ui.ExpectedConditions$17.apply(ExpectedConditions.java:528)
	at org.openqa.selenium.support.ui.ExpectedConditions$17.apply(ExpectedConditions.java:521)
	at org.openqa.selenium.support.ui.FluentWait.until(FluentWait.java:208)
	... 29 more
]]>
            </full-stacktrace>
          </exception> <!-- org.openqa.selenium.TimeoutException -->
          <reporter-output>
            <line>
              <![CDATA[On Home page title is Chaussures de Skate & V?tements de Skate & Snowboard]]>
            </line>
            <line>
              <![CDATA[On Subcat page title is T-shirt DC Shoes : tous nos Tee-Shirts Homme - DC Shoes]]>
            </line>
            <line>
              <![CDATA[On subcategory page title is 'T-shirt DC Shoes : tous nos Tee-Shirts Homme - DC Shoes']]>
            </line>
            <line>
              <![CDATA[On PDP page title is dcshoes ROSE STALLARD PMU SS EDYZT00132 - DC Shoes]]>
            </line>
            <line>
              <![CDATA[None of the sizes are available for this product]]>
            </line>
          </reporter-output>
        </test-method> <!-- getToStep1 -->
        <test-method status="SKIP" signature="testGuestCheckoutVisa()[pri:0, instance:com.quiksilver.test.GuestVisaCheckoutTest@69b1fbf4]" name="testGuestCheckoutVisa" duration-ms="0" started-at="2014-09-30T16:26:03Z" finished-at="2014-09-30T16:26:03Z">
          <reporter-output>
          </reporter-output>
        </test-method> <!-- testGuestCheckoutVisa -->
        <test-method status="PASS" signature="tearDown()[pri:0, instance:com.quiksilver.test.GuestVisaCheckoutTest@69b1fbf4]" name="tearDown" is-config="true" duration-ms="140" started-at="2014-09-30T16:26:03Z" finished-at="2014-09-30T16:26:03Z">
          <reporter-output>
          </reporter-output>
        </test-method> <!-- tearDown -->
      </class> <!-- com.quiksilver.test.GuestVisaCheckoutTest -->
    </test> <!-- DCShoesDEVELOPMENT_FRANCEChromeTest -->
    <test name="SafariTest" duration-ms="0" started-at="2014-09-30T23:26:03Z" finished-at="2014-09-30T23:26:03Z">
    </test> <!-- SafariTest -->
  </suite> <!-- Multibrowser_DC_Quiksilver -->
</testng-results>
